<?xml version="1.0" encoding="UTF-8"?>
<testsuite name="org.zerock.b01.repository.BoardRepositoryTests" tests="1" skipped="0" failures="0" errors="0" timestamp="2023-06-28T09:39:02" hostname="Moons-MacBook-Air.local" time="0.153">
  <properties/>
  <testcase name="testSearch1()" classname="org.zerock.b01.repository.BoardRepositoryTests" time="0.153"/>
  <system-out><![CDATA[18:39:00.349 [Test worker] DEBUG org.springframework.test.context.BootstrapUtils - Instantiating CacheAwareContextLoaderDelegate from class [org.springframework.test.context.cache.DefaultCacheAwareContextLoaderDelegate]
18:39:00.356 [Test worker] DEBUG org.springframework.test.context.BootstrapUtils - Instantiating BootstrapContext using constructor [public org.springframework.test.context.support.DefaultBootstrapContext(java.lang.Class,org.springframework.test.context.CacheAwareContextLoaderDelegate)]
18:39:00.372 [Test worker] DEBUG org.springframework.test.context.BootstrapUtils - Instantiating TestContextBootstrapper for test class [org.zerock.b01.repository.BoardRepositoryTests] from class [org.springframework.boot.test.context.SpringBootTestContextBootstrapper]
18:39:00.379 [Test worker] INFO org.springframework.boot.test.context.SpringBootTestContextBootstrapper - Neither @ContextConfiguration nor @ContextHierarchy found for test class [org.zerock.b01.repository.BoardRepositoryTests], using SpringBootContextLoader
18:39:00.381 [Test worker] DEBUG org.springframework.test.context.support.AbstractContextLoader - Did not detect default resource location for test class [org.zerock.b01.repository.BoardRepositoryTests]: class path resource [org/zerock/b01/repository/BoardRepositoryTests-context.xml] does not exist
18:39:00.381 [Test worker] DEBUG org.springframework.test.context.support.AbstractContextLoader - Did not detect default resource location for test class [org.zerock.b01.repository.BoardRepositoryTests]: class path resource [org/zerock/b01/repository/BoardRepositoryTestsContext.groovy] does not exist
18:39:00.381 [Test worker] INFO org.springframework.test.context.support.AbstractContextLoader - Could not detect default resource locations for test class [org.zerock.b01.repository.BoardRepositoryTests]: no resource found for suffixes {-context.xml, Context.groovy}.
18:39:00.381 [Test worker] INFO org.springframework.test.context.support.AnnotationConfigContextLoaderUtils - Could not detect default configuration classes for test class [org.zerock.b01.repository.BoardRepositoryTests]: BoardRepositoryTests does not declare any static, non-private, non-final, nested classes annotated with @Configuration.
18:39:00.401 [Test worker] DEBUG org.springframework.test.context.support.ActiveProfilesUtils - Could not find an 'annotation declaring class' for annotation type [org.springframework.test.context.ActiveProfiles] and class [org.zerock.b01.repository.BoardRepositoryTests]
18:39:00.433 [Test worker] DEBUG org.springframework.context.annotation.ClassPathScanningCandidateComponentProvider - Identified candidate component class: file [/Users/demian/web/javaTest/b01/build/classes/java/main/org/zerock/b01/B01Application.class]
18:39:00.433 [Test worker] INFO org.springframework.boot.test.context.SpringBootTestContextBootstrapper - Found @SpringBootConfiguration org.zerock.b01.B01Application for test class org.zerock.b01.repository.BoardRepositoryTests
18:39:00.480 [Test worker] DEBUG org.springframework.boot.test.context.SpringBootTestContextBootstrapper - @TestExecutionListeners is not present for class [org.zerock.b01.repository.BoardRepositoryTests]: using defaults.
18:39:00.480 [Test worker] INFO org.springframework.boot.test.context.SpringBootTestContextBootstrapper - Loaded default TestExecutionListener class names from location [META-INF/spring.factories]: [org.springframework.boot.test.autoconfigure.restdocs.RestDocsTestExecutionListener, org.springframework.boot.test.autoconfigure.web.client.MockRestServiceServerResetTestExecutionListener, org.springframework.boot.test.autoconfigure.web.servlet.MockMvcPrintOnlyOnFailureTestExecutionListener, org.springframework.boot.test.autoconfigure.web.servlet.WebDriverTestExecutionListener, org.springframework.boot.test.autoconfigure.webservices.client.MockWebServiceServerTestExecutionListener, org.springframework.boot.test.mock.mockito.MockitoTestExecutionListener, org.springframework.boot.test.mock.mockito.ResetMocksTestExecutionListener, org.springframework.test.context.web.ServletTestExecutionListener, org.springframework.test.context.support.DirtiesContextBeforeModesTestExecutionListener, org.springframework.test.context.event.ApplicationEventsTestExecutionListener, org.springframework.test.context.support.DependencyInjectionTestExecutionListener, org.springframework.test.context.support.DirtiesContextTestExecutionListener, org.springframework.test.context.transaction.TransactionalTestExecutionListener, org.springframework.test.context.jdbc.SqlScriptsTestExecutionListener, org.springframework.test.context.event.EventPublishingTestExecutionListener]
18:39:00.489 [Test worker] INFO org.springframework.boot.test.context.SpringBootTestContextBootstrapper - Using TestExecutionListeners: [org.springframework.test.context.web.ServletTestExecutionListener@88d6f9b, org.springframework.test.context.support.DirtiesContextBeforeModesTestExecutionListener@47d93e0d, org.springframework.test.context.event.ApplicationEventsTestExecutionListener@475b7792, org.springframework.boot.test.mock.mockito.MockitoTestExecutionListener@751e664e, org.springframework.boot.test.autoconfigure.SpringBootDependencyInjectionTestExecutionListener@160c3ec1, org.springframework.test.context.support.DirtiesContextTestExecutionListener@182b435b, org.springframework.test.context.transaction.TransactionalTestExecutionListener@4d0402b, org.springframework.test.context.jdbc.SqlScriptsTestExecutionListener@2fa7ae9, org.springframework.test.context.event.EventPublishingTestExecutionListener@7577b641, org.springframework.boot.test.autoconfigure.restdocs.RestDocsTestExecutionListener@3704122f, org.springframework.boot.test.autoconfigure.web.client.MockRestServiceServerResetTestExecutionListener@3153ddfc, org.springframework.boot.test.autoconfigure.web.servlet.MockMvcPrintOnlyOnFailureTestExecutionListener@60afd40d, org.springframework.boot.test.autoconfigure.web.servlet.WebDriverTestExecutionListener@28a2a3e7, org.springframework.boot.test.autoconfigure.webservices.client.MockWebServiceServerTestExecutionListener@3f2049b6, org.springframework.boot.test.mock.mockito.ResetMocksTestExecutionListener@10b3df93]
18:39:00.490 [Test worker] DEBUG org.springframework.test.context.support.AbstractDirtiesContextTestExecutionListener - Before test class: context [DefaultTestContext@5a2f016d testClass = BoardRepositoryTests, testInstance = [null], testMethod = [null], testException = [null], mergedContextConfiguration = [WebMergedContextConfiguration@1a38ba58 testClass = BoardRepositoryTests, locations = '{}', classes = '{class org.zerock.b01.B01Application}', contextInitializerClasses = '[]', activeProfiles = '{}', propertySourceLocations = '{}', propertySourceProperties = '{org.springframework.boot.test.context.SpringBootTestContextBootstrapper=true}', contextCustomizers = set[org.springframework.boot.test.autoconfigure.actuate.metrics.MetricsExportContextCustomizerFactory$DisableMetricExportContextCustomizer@7c209437, org.springframework.boot.test.autoconfigure.properties.PropertyMappingContextCustomizer@0, org.springframework.boot.test.autoconfigure.web.servlet.WebDriverContextCustomizerFactory$Customizer@19ae6bb, org.springframework.boot.test.context.filter.ExcludeFilterContextCustomizer@2bb7bd00, org.springframework.boot.test.json.DuplicateJsonObjectContextCustomizerFactory$DuplicateJsonObjectContextCustomizer@14b030a0, org.springframework.boot.test.mock.mockito.MockitoContextCustomizer@0, org.springframework.boot.test.web.client.TestRestTemplateContextCustomizer@27305e6, org.springframework.boot.test.context.SpringBootTestArgs@1, org.springframework.boot.test.context.SpringBootTestWebEnvironment@478db956], resourceBasePath = 'src/main/webapp', contextLoader = 'org.springframework.boot.test.context.SpringBootContextLoader', parent = [null]], attributes = map['org.springframework.test.context.web.ServletTestExecutionListener.activateListener' -> true]], class annotated with @DirtiesContext [false] with mode [null].

  .   ____          _            __ _ _
 /\\ / ___'_ __ _ _(_)_ __  __ _ \ \ \ \
( ( )\___ | '_ | '_| | '_ \/ _` | \ \ \ \
 \\/  ___)| |_)| | | | | || (_| |  ) ) ) )
  '  |____| .__|_| |_|_| |_\__, | / / / /
 =========|_|==============|___/=/_/_/_/
 :: Spring Boot ::      (v2.7.14-SNAPSHOT)

2023-06-28 18:39:00.688  INFO 99867 --- [    Test worker] o.z.b01.repository.BoardRepositoryTests  : Starting BoardRepositoryTests using Java 11.0.19 on Moons-MacBook-Air.local with PID 99867 (started by demian in /Users/demian/web/javaTest/b01)
2023-06-28 18:39:00.688 DEBUG 99867 --- [    Test worker] o.z.b01.repository.BoardRepositoryTests  : Running with Spring Boot v2.7.14-SNAPSHOT, Spring v5.3.28
2023-06-28 18:39:00.689  INFO 99867 --- [    Test worker] o.z.b01.repository.BoardRepositoryTests  : No active profile set, falling back to 1 default profile: "default"
2023-06-28 18:39:01.101  INFO 99867 --- [    Test worker] .s.d.r.c.RepositoryConfigurationDelegate : Bootstrapping Spring Data JPA repositories in DEFAULT mode.
2023-06-28 18:39:01.123  INFO 99867 --- [    Test worker] .s.d.r.c.RepositoryConfigurationDelegate : Finished Spring Data repository scanning in 18 ms. Found 1 JPA repository interfaces.
2023-06-28 18:39:01.376  INFO 99867 --- [    Test worker] o.hibernate.jpa.internal.util.LogHelper  : HHH000204: Processing PersistenceUnitInfo [name: default]
2023-06-28 18:39:01.407  INFO 99867 --- [    Test worker] org.hibernate.Version                    : HHH000412: Hibernate ORM core version 5.6.15.Final
2023-06-28 18:39:01.497  INFO 99867 --- [    Test worker] o.hibernate.annotations.common.Version   : HCANN000001: Hibernate Commons Annotations {5.1.2.Final}
2023-06-28 18:39:01.558  INFO 99867 --- [    Test worker] com.zaxxer.hikari.HikariDataSource       : HikariPool-1 - Starting...
2023-06-28 18:39:01.594  INFO 99867 --- [    Test worker] com.zaxxer.hikari.HikariDataSource       : HikariPool-1 - Start completed.
2023-06-28 18:39:01.610  INFO 99867 --- [    Test worker] org.hibernate.dialect.Dialect            : HHH000400: Using dialect: org.hibernate.dialect.MariaDB53Dialect
2023-06-28 18:39:01.886  INFO 99867 --- [    Test worker] o.h.e.t.j.p.i.JtaPlatformInitiator       : HHH000490: Using JtaPlatform implementation: [org.hibernate.engine.transaction.jta.platform.internal.NoJtaPlatform]
2023-06-28 18:39:01.891  INFO 99867 --- [    Test worker] j.LocalContainerEntityManagerFactoryBean : Initialized JPA EntityManagerFactory for persistence unit 'default'
2023-06-28 18:39:01.999  WARN 99867 --- [    Test worker] JpaBaseConfiguration$JpaWebConfiguration : spring.jpa.open-in-view is enabled by default. Therefore, database queries may be performed during view rendering. Explicitly configure spring.jpa.open-in-view to disable this warning
2023-06-28 18:39:02.455  INFO 99867 --- [    Test worker] o.z.b01.repository.BoardRepositoryTests  : Started BoardRepositoryTests in 1.922 seconds (JVM running for 2.496)
Hibernate: 
    select
        board0_.bno as bno1_0_,
        board0_.moddate as moddate2_0_,
        board0_.regdate as regdate3_0_,
        board0_.content as content4_0_,
        board0_.title as title5_0_,
        board0_.writer as writer6_0_ 
    from
        board board0_ 
    where
        board0_.title like ? escape '!'
Hibernate: 
    select
        count(board0_.bno) as col_0_0_ 
    from
        board board0_ 
    where
        board0_.title like ? escape '!'
]]></system-out>
  <system-err><![CDATA[]]></system-err>
</testsuite>
