<?xml version="1.0" encoding="UTF-8"?>
<testsuite name="org.zerock.springex.sample.SampleTests" tests="1" skipped="0" failures="0" errors="0" timestamp="2023-06-25T10:37:19" hostname="Moons-MacBook-Air.local" time="0.016">
  <properties/>
  <testcase name="testConnection()" classname="org.zerock.springex.sample.SampleTests" time="0.016"/>
  <system-out><![CDATA[07:37:19  INFO [org.springframework.test.context.support.DefaultTestContextBootstrapper] Loaded default TestExecutionListener class names from location [META-INF/spring.factories]: [org.springframework.test.context.web.ServletTestExecutionListener, org.springframework.test.context.support.DirtiesContextBeforeModesTestExecutionListener, org.springframework.test.context.event.ApplicationEventsTestExecutionListener, org.springframework.test.context.support.DependencyInjectionTestExecutionListener, org.springframework.test.context.support.DirtiesContextTestExecutionListener, org.springframework.test.context.transaction.TransactionalTestExecutionListener, org.springframework.test.context.jdbc.SqlScriptsTestExecutionListener, org.springframework.test.context.event.EventPublishingTestExecutionListener]
07:37:19  INFO [org.springframework.test.context.support.DefaultTestContextBootstrapper] Using TestExecutionListeners: [org.springframework.test.context.support.DirtiesContextBeforeModesTestExecutionListener@40226788, org.springframework.test.context.event.ApplicationEventsTestExecutionListener@4159e81b, org.springframework.test.context.support.DependencyInjectionTestExecutionListener@5b5caf08, org.springframework.test.context.support.DirtiesContextTestExecutionListener@23cd4ff2, org.springframework.test.context.event.EventPublishingTestExecutionListener@70807224]
07:37:19  INFO [com.zaxxer.hikari.HikariDataSource] HikariPool-1 - Starting...
07:37:19  INFO [com.zaxxer.hikari.pool.HikariPool] HikariPool-1 - Added connection org.mariadb.jdbc.Connection@3ce53f6a
07:37:19  INFO [com.zaxxer.hikari.HikariDataSource] HikariPool-1 - Start completed.
07:37:19  INFO [org.zerock.springex.sample.SampleTests] HikariProxyConnection@2015521846 wrapping org.mariadb.jdbc.Connection@3ce53f6a
]]></system-out>
  <system-err><![CDATA[]]></system-err>
</testsuite>
