<?xml version="1.0" encoding="UTF-8"?>
<testsuite name="org.zerock.springex.TimeMapperTests" tests="1" skipped="0" failures="0" errors="0" timestamp="2023-06-25T11:22:08" hostname="Moons-MacBook-Air.local" time="0.048">
  <properties/>
  <testcase name="testNow()" classname="org.zerock.springex.TimeMapperTests" time="0.048"/>
  <system-out><![CDATA[08:22:08  INFO [org.zerock.springex.TimeMapperTests] 2023-06-25 20:22:08
]]></system-out>
  <system-err><![CDATA[[Test worker] INFO org.springframework.test.context.support.DefaultTestContextBootstrapper - Loaded default TestExecutionListener class names from location [META-INF/spring.factories]: [org.springframework.test.context.web.ServletTestExecutionListener, org.springframework.test.context.support.DirtiesContextBeforeModesTestExecutionListener, org.springframework.test.context.event.ApplicationEventsTestExecutionListener, org.springframework.test.context.support.DependencyInjectionTestExecutionListener, org.springframework.test.context.support.DirtiesContextTestExecutionListener, org.springframework.test.context.transaction.TransactionalTestExecutionListener, org.springframework.test.context.jdbc.SqlScriptsTestExecutionListener, org.springframework.test.context.event.EventPublishingTestExecutionListener]
[Test worker] INFO org.springframework.test.context.support.DefaultTestContextBootstrapper - Using TestExecutionListeners: [org.springframework.test.context.support.DirtiesContextBeforeModesTestExecutionListener@681a8b4e, org.springframework.test.context.event.ApplicationEventsTestExecutionListener@5cbe877d, org.springframework.test.context.support.DependencyInjectionTestExecutionListener@5c08c46a, org.springframework.test.context.support.DirtiesContextTestExecutionListener@4cf8b2dc, org.springframework.test.context.transaction.TransactionalTestExecutionListener@708400f6, org.springframework.test.context.jdbc.SqlScriptsTestExecutionListener@5829e4f4, org.springframework.test.context.event.EventPublishingTestExecutionListener@4218500f]
[Test worker] INFO com.zaxxer.hikari.HikariDataSource - HikariPool-1 - Starting...
[Test worker] INFO com.zaxxer.hikari.pool.HikariPool - HikariPool-1 - Added connection org.mariadb.jdbc.Connection@45c2e0a6
[Test worker] INFO com.zaxxer.hikari.HikariDataSource - HikariPool-1 - Start completed.
]]></system-err>
</testsuite>
